<?xml version="1.0" encoding="UTF-8"?>
<!-- Generated by org.testng.reporters.JUnitReportReporter -->
<testsuite hostname="DS-386077668A49" name="Example.NewTest" tests="1" failures="0" timestamp="25 Nov 2015 11:45:23 GMT" time="102.572" errors="0">
  <testcase name="testEasy" time="102.572" classname="Example.NewTest"/>
</testsuite> <!-- Example.NewTest -->
